Started
Current session : Affichage des correspondants
Added observation : All messsages
Added observation : Correspondants
MQTT server host : 192.168.1.20
MQTT server port : 1883
MQTT clientid : Observer/{b0d44284-9a45-4093-96d2-647c44051e93}
May connect to MQTT server...
Connect to MQTT server
MQTT connecting
MQTT connected
MQTT subscribing to 1 : Live/Lab/#
MQTT susbcribed to : 1 with QoS (0,)
New correspondent in 'All messsages' : Arduino Lab
New topic in All messsages : Live/Lab/Arduino Lab/outbox
New correspondent in 'Correspondants' : Arduino Lab
New topic in Correspondants : Live/Lab/Arduino Lab/outbox
New correspondent in 'All messsages' : Teleprinter
New topic in All messsages : Live/Lab/Teleprinter/led
New correspondent in 'Correspondants' : Teleprinter
New topic in Correspondants : Live/Lab/Teleprinter/led
Done
Disconnected from MQTT server
MQTT disconnected on request from 192.168.1.20:1883
